This is pdfTeX, Version 3.14159265-2.6-1.40.21 (TeX Live 2020) (preloaded format=pdflatex 2020.4.7)  1 JUL 2021 10:44
entering extended mode
 restricted \write18 enabled.
 file:line:error style messages enabled.
 %&-line parsing enabled.
**/Users/williammatrix/Desktop/CompNeuroBio/NeuroBioNotes.tex
(/Users/williammatrix/Desktop/CompNeuroBio/NeuroBioNotes.tex
LaTeX2e <2020-02-02> patch level 5
L3 programming layer <2020-03-06> (/usr/local/texlive/2020/texmf-dist/tex/latex/base/article.cls
Document Class: article 2019/12/20 v1.4l Standard LaTeX document class
(/usr/local/texlive/2020/texmf-dist/tex/latex/base/size12.clo
File: size12.clo 2019/12/20 v1.4l Standard LaTeX file (size option)
)
\c@part=\count167
\c@section=\count168
\c@subsection=\count169
\c@subsubsection=\count170
\c@paragraph=\count171
\c@subparagraph=\count172
\c@figure=\count173
\c@table=\count174
\abovecaptionskip=\skip47
\belowcaptionskip=\skip48
\bibindent=\dimen134
) (/usr/local/texlive/2020/texmf-dist/tex/latex/listings/listings.sty (/usr/local/texlive/2020/texmf-dist/tex/latex/graphics/keyval.sty
Package: keyval 2014/10/28 v1.15 key=value parser (DPC)
\KV@toks@=\toks15
)
\lst@mode=\count175
\lst@gtempboxa=\box45
\lst@token=\toks16
\lst@length=\count176
\lst@currlwidth=\dimen135
\lst@column=\count177
\lst@pos=\count178
\lst@lostspace=\dimen136
\lst@width=\dimen137
\lst@newlines=\count179
\lst@lineno=\count180
\lst@maxwidth=\dimen138
 (/usr/local/texlive/2020/texmf-dist/tex/latex/listings/lstmisc.sty
File: lstmisc.sty 2020/03/24 1.8d (Carsten Heinz)
\c@lstnumber=\count181
\lst@skipnumbers=\count182
\lst@framebox=\box46
) (/usr/local/texlive/2020/texmf-dist/tex/latex/listings/listings.cfg
File: listings.cfg 2020/03/24 1.8d listings configuration
))
Package: listings 2020/03/24 1.8d (Carsten Heinz)
 (/usr/local/texlive/2020/texmf-dist/tex/latex/graphics/color.sty
Package: color 2019/11/23 v1.2a Standard LaTeX Color (DPC)
 (/usr/local/texlive/2020/texmf-dist/tex/latex/graphics-cfg/color.cfg
File: color.cfg 2016/01/02 v1.6 sample color configuration
)
Package color Info: Driver file: pdftex.def on input line 147.
 (/usr/local/texlive/2020/texmf-dist/tex/latex/graphics-def/pdftex.def
File: pdftex.def 2018/01/08 v1.0l Graphics/color driver for pdftex
)) (/usr/local/texlive/2020/texmf-dist/tex/latex/enumitem/enumitem.sty
Package: enumitem 2019/06/20 v3.9 Customized lists
\labelindent=\skip49
\enit@outerparindent=\dimen139
\enit@toks=\toks17
\enit@inbox=\box47
\enit@count@id=\count183
\enitdp@description=\count184
) (/usr/local/texlive/2020/texmf-dist/tex/latex/amscls/amsthm.sty
Package: amsthm 2017/10/31 v2.20.4
\thm@style=\toks18
\thm@bodyfont=\toks19
\thm@headfont=\toks20
\thm@notefont=\toks21
\thm@headpunct=\toks22
\thm@preskip=\skip50
\thm@postskip=\skip51
\thm@headsep=\skip52
\dth@everypar=\toks23
) (/usr/local/texlive/2020/texmf-dist/tex/latex/amsfonts/amssymb.sty
Package: amssymb 2013/01/14 v3.01 AMS font symbols
 (/usr/local/texlive/2020/texmf-dist/tex/latex/amsfonts/amsfonts.sty
Package: amsfonts 2013/01/14 v3.01 Basic AMSFonts support
\@emptytoks=\toks24
\symAMSa=\mathgroup4
\symAMSb=\mathgroup5
LaTeX Font Info:    Redeclaring math symbol \hbar on input line 98.
LaTeX Font Info:    Overwriting math alphabet `\mathfrak' in version `bold'
(Font)                  U/euf/m/n --> U/euf/b/n on input line 106.
)) (/usr/local/texlive/2020/texmf-dist/tex/latex/setspace/setspace.sty
Package: setspace 2011/12/19 v6.7a set line spacing
) (/usr/local/texlive/2020/texmf-dist/tex/latex/graphics/graphicx.sty
Package: graphicx 2019/11/30 v1.2a Enhanced LaTeX Graphics (DPC,SPQR)
 (/usr/local/texlive/2020/texmf-dist/tex/latex/graphics/graphics.sty
Package: graphics 2019/11/30 v1.4a Standard LaTeX Graphics (DPC,SPQR)
 (/usr/local/texlive/2020/texmf-dist/tex/latex/graphics/trig.sty
Package: trig 2016/01/03 v1.10 sin cos tan (DPC)
) (/usr/local/texlive/2020/texmf-dist/tex/latex/graphics-cfg/graphics.cfg
File: graphics.cfg 2016/06/04 v1.11 sample graphics configuration
)
Package graphics Info: Driver file: pdftex.def on input line 105.
)
\Gin@req@height=\dimen140
\Gin@req@width=\dimen141
) (/usr/local/texlive/2020/texmf-dist/tex/latex/l3backend/l3backend-pdfmode.def
File: l3backend-pdfmode.def 2020-03-12 L3 backend support: PDF mode
\l__kernel_color_stack_int=\count185
\l__pdf_internal_box=\box48
) (/Users/williammatrix/Desktop/CompNeuroBio/NeuroBioNotes.aux)
\openout1 = `NeuroBioNotes.aux'.

LaTeX Font Info:    Checking defaults for OML/cmm/m/it on input line 20.
LaTeX Font Info:    ... okay on input line 20.
LaTeX Font Info:    Checking defaults for OMS/cmsy/m/n on input line 20.
LaTeX Font Info:    ... okay on input line 20.
LaTeX Font Info:    Checking defaults for OT1/cmr/m/n on input line 20.
LaTeX Font Info:    ... okay on input line 20.
LaTeX Font Info:    Checking defaults for T1/cmr/m/n on input line 20.
LaTeX Font Info:    ... okay on input line 20.
LaTeX Font Info:    Checking defaults for TS1/cmr/m/n on input line 20.
LaTeX Font Info:    ... okay on input line 20.
LaTeX Font Info:    Checking defaults for OMX/cmex/m/n on input line 20.
LaTeX Font Info:    ... okay on input line 20.
LaTeX Font Info:    Checking defaults for U/cmr/m/n on input line 20.
LaTeX Font Info:    ... okay on input line 20.
\c@lstlisting=\count186
 (/usr/local/texlive/2020/texmf-dist/tex/context/base/mkii/supp-pdf.mkii
[Loading MPS to PDF converter (version 2006.09.02).]
\scratchcounter=\count187
\scratchdimen=\dimen142
\scratchbox=\box49
\nofMPsegments=\count188
\nofMParguments=\count189
\everyMPshowfont=\toks25
\MPscratchCnt=\count190
\MPscratchDim=\dimen143
\MPnumerator=\count191
\makeMPintoPDFobject=\count192
\everyMPtoPDFconversion=\toks26
) (/usr/local/texlive/2020/texmf-dist/tex/latex/epstopdf-pkg/epstopdf-base.sty
Package: epstopdf-base 2020-01-24 v2.11 Base part for package epstopdf
Package epstopdf-base Info: Redefining graphics rule for `.eps' on input line 485.
 (/usr/local/texlive/2020/texmf-dist/tex/latex/latexconfig/epstopdf-sys.cfg
File: epstopdf-sys.cfg 2010/07/13 v1.3 Configuration of (r)epstopdf for TeX Live
))
LaTeX Font Info:    Trying to load font information for U+msa on input line 22.
 (/usr/local/texlive/2020/texmf-dist/tex/latex/amsfonts/umsa.fd
File: umsa.fd 2013/01/14 v3.01 AMS symbols A
)
LaTeX Font Info:    Trying to load font information for U+msb on input line 22.
 (/usr/local/texlive/2020/texmf-dist/tex/latex/amsfonts/umsb.fd
File: umsb.fd 2013/01/14 v3.01 AMS symbols B
) [1

{/usr/local/texlive/2020/texmf-var/fonts/map/pdftex/updmap/pdftex.map}] (/Users/williammatrix/Desktop/CompNeuroBio/NeuroBioNotes.toc)
\tf@toc=\write3
\openout3 = `NeuroBioNotes.toc'.

 [2] [3] [4]
Overfull \hbox (2.31184pt too wide) in paragraph at lines 50--52
[]\OT1/cmr/bx/n/12 The Div-ing Bell and the But-ter-fly\OT1/cmr/m/n/12 : Jean-Dominique Bauby, locked-
 []

[5]
<./figures/BrainImg_FromSide_SidesAnnotated.png, id=22, 935.495pt x 524.96124pt>
File: ./figures/BrainImg_FromSide_SidesAnnotated.png Graphic file (type png)
<use ./figures/BrainImg_FromSide_SidesAnnotated.png>
Package pdftex.def Info: ./figures/BrainImg_FromSide_SidesAnnotated.png  used on input line 99.
(pdftex.def)             Requested size: 227.62204pt x 127.73149pt.
<./figures/BrainImg_CutFromSide_MidHindBrainStem.png, id=24, 935.495pt x 521.95pt>
File: ./figures/BrainImg_CutFromSide_MidHindBrainStem.png Graphic file (type png)
<use ./figures/BrainImg_CutFromSide_MidHindBrainStem.png>
Package pdftex.def Info: ./figures/BrainImg_CutFromSide_MidHindBrainStem.png  used on input line 100.
(pdftex.def)             Requested size: 227.62204pt x 126.99881pt.
 [6 </Users/williammatrix/Desktop/CompNeuroBio/./figures/BrainImg_FromSide_SidesAnnotated.png> </Users/williammatrix/Desktop/CompNeuroBio/./figures/BrainImg_CutFromSide_MidHindBrainStem.png>] [7] [8]
Underfull \hbox (badness 10000) in paragraph at lines 169--173

 []

<./figures/myelinated_axon_whiteboard.png, id=37, 804.00375pt x 337.26pt>
File: ./figures/myelinated_axon_whiteboard.png Graphic file (type png)
<use ./figures/myelinated_axon_whiteboard.png>
Package pdftex.def Info: ./figures/myelinated_axon_whiteboard.png  used on input line 176.
(pdftex.def)             Requested size: 284.52756pt x 119.34988pt.
<./figures/action_potential_myelinated_axon_animated.png, id=38, 918.43124pt x 502.87875pt>
File: ./figures/action_potential_myelinated_axon_animated.png Graphic file (type png)
<use ./figures/action_potential_myelinated_axon_animated.png>
Package pdftex.def Info: ./figures/action_potential_myelinated_axon_animated.png  used on input line 178.
(pdftex.def)             Requested size: 284.52756pt x 155.79105pt.
[9 </Users/williammatrix/Desktop/CompNeuroBio/./figures/myelinated_axon_whiteboard.png> </Users/williammatrix/Desktop/CompNeuroBio/./figures/action_potential_myelinated_axon_animated.png>]
Overfull \hbox (9.1839pt too wide) in paragraph at lines 203--203
[]\OT1/cmr/bx/n/17.28 Central Ner-vous Sys-tem vs. Pe-riph-eral Ner-
 []

[10]
Overfull \hbox (6.03958pt too wide) in paragraph at lines 237--239
[]\OT1/cmr/m/n/12 Peripheral Ner-vous Sys-tem is vul-ner-a-ble to large molecules like \OT1/cmr/bx/n/12 bo-tulinum
 []

[11] [12] [13]
<./figures/Neurtransmitters_SynapticVesicles.png, id=60, 639.38875pt x 519.9425pt>
File: ./figures/Neurtransmitters_SynapticVesicles.png Graphic file (type png)
<use ./figures/Neurtransmitters_SynapticVesicles.png>
Package pdftex.def Info: ./figures/Neurtransmitters_SynapticVesicles.png  used on input line 379.
(pdftex.def)             Requested size: 284.52756pt x 231.37766pt.
 [14] [15 </Users/williammatrix/Desktop/CompNeuroBio/./figures/Neurtransmitters_SynapticVesicles.png>] (/Users/williammatrix/Desktop/CompNeuroBio/NeuroBioNotes.aux) ) 
Here is how much of TeX's memory you used:
 3553 strings out of 480608
 51724 string characters out of 5903631
 287190 words of memory out of 5000000
 19425 multiletter control sequences out of 15000+600000
 541438 words of font info for 59 fonts, out of 8000000 for 9000
 1141 hyphenation exceptions out of 8191
 30i,6n,36p,261b,222s stack positions out of 5000i,500n,10000p,200000b,80000s
{/usr/local/texlive/2020/texmf-dist/fonts/enc/dvips/cm-super/cm-super-ts1.enc}</usr/local/texlive/2020/texmf-dist/fonts/type1/public/amsfonts/cm/cmbx12.pfb></usr/local/texlive/2020/texmf-dist/fonts/type1/public/amsfonts/cm/cmmi12.pfb></usr/local/texlive/2020/texmf-dist/fonts/type1/public/amsfonts/cm/cmr12.pfb></usr/local/texlive/2020/texmf-dist/fonts/type1/public/amsfonts/cm/cmr17.pfb></usr/local/texlive/2020/texmf-dist/fonts/type1/public/amsfonts/cm/cmr8.pfb></usr/local/texlive/2020/texmf-dist/fonts/type1/public/amsfonts/cm/cmsy10.pfb></usr/local/texlive/2020/texmf-dist/fonts/type1/public/amsfonts/cm/cmsy8.pfb></usr/local/texlive/2020/texmf-dist/fonts/type1/public/cm-super/sfrm1200.pfb>
Output written on /Users/williammatrix/Desktop/CompNeuroBio/NeuroBioNotes.pdf (15 pages, 2360318 bytes).
PDF statistics:
 97 PDF objects out of 1000 (max. 8388607)
 61 compressed objects within 1 object stream
 0 named destinations out of 1000 (max. 500000)
 26 words of extra memory for PDF output out of 10000 (max. 10000000)

